{"/workspaces/-/app/layout.tsx": {"path":"/workspaces/-/app/layout.tsx","statementMap":{"0":{"start":{"line":22,"column":24},"end":{"line":22,"column":35}},"1":{"start":{"line":16,"column":13},"end":{"line":16,"column":34}},"2":{"start":{"line":2,"column":26},"end":{"line":2,"column":null}},"3":{"start":{"line":3,"column":28},"end":{"line":3,"column":null}},"4":{"start":{"line":4,"column":7},"end":{"line":4,"column":null}},"5":{"start":{"line":5,"column":25},"end":{"line":5,"column":null}},"6":{"start":{"line":6,"column":23},"end":{"line":6,"column":null}},"7":{"start":{"line":7,"column":25},"end":{"line":7,"column":null}},"8":{"start":{"line":8,"column":27},"end":{"line":8,"column":null}},"9":{"start":{"line":9,"column":22},"end":{"line":9,"column":null}},"10":{"start":{"line":11,"column":19},"end":{"line":14,"column":null}},"11":{"start":{"line":16,"column":34},"end":{"line":20,"column":null}}},"fnMap":{"0":{"name":"RootLayout","decl":{"start":{"line":22,"column":24},"end":{"line":22,"column":35}},"loc":{"start":{"line":26,"column":1},"end":{"line":43,"column":null}}}},"branchMap":{},"s":{"0":0,"1":0,"2":0,"3":0,"4":0,"5":0,"6":0,"7":0,"8":0,"9":0,"10":0,"11":0},"f":{"0":0},"b":{}}
,"/workspaces/-/app/page.tsx": {"path":"/workspaces/-/app/page.tsx","statementMap":{"0":{"start":{"line":9,"column":24},"end":{"line":9,"column":null}},"1":{"start":{"line":1,"column":17},"end":{"line":1,"column":null}},"2":{"start":{"line":2,"column":26},"end":{"line":2,"column":null}},"3":{"start":{"line":3,"column":30},"end":{"line":3,"column":null}},"4":{"start":{"line":4,"column":28},"end":{"line":4,"column":null}},"5":{"start":{"line":5,"column":24},"end":{"line":5,"column":null}},"6":{"start":{"line":6,"column":35},"end":{"line":6,"column":null}},"7":{"start":{"line":7,"column":33},"end":{"line":7,"column":null}},"8":{"start":{"line":10,"column":19},"end":{"line":10,"column":null}}},"fnMap":{"0":{"name":"Home","decl":{"start":{"line":9,"column":24},"end":{"line":9,"column":null}},"loc":{"start":{"line":9,"column":24},"end":{"line":28,"column":null}}}},"branchMap":{},"s":{"0":0,"1":0,"2":0,"3":0,"4":0,"5":0,"6":0,"7":0,"8":0},"f":{"0":0},"b":{}}
,"/workspaces/-/app/robots.ts": {"path":"/workspaces/-/app/robots.ts","statementMap":{"0":{"start":{"line":3,"column":24},"end":{"line":3,"column":null}},"1":{"start":{"line":4,"column":2},"end":{"line":11,"column":null}}},"fnMap":{"0":{"name":"robots","decl":{"start":{"line":3,"column":24},"end":{"line":3,"column":null}},"loc":{"start":{"line":3,"column":24},"end":{"line":12,"column":null}}}},"branchMap":{},"s":{"0":0,"1":0},"f":{"0":0},"b":{}}
,"/workspaces/-/app/sitemap.ts": {"path":"/workspaces/-/app/sitemap.ts","statementMap":{"0":{"start":{"line":3,"column":24},"end":{"line":3,"column":null}},"1":{"start":{"line":4,"column":18},"end":{"line":4,"column":null}},"2":{"start":{"line":6,"column":2},"end":{"line":37,"column":null}}},"fnMap":{"0":{"name":"sitemap","decl":{"start":{"line":3,"column":24},"end":{"line":3,"column":null}},"loc":{"start":{"line":3,"column":24},"end":{"line":38,"column":null}}}},"branchMap":{},"s":{"0":0,"1":0,"2":0},"f":{"0":0},"b":{}}
,"/workspaces/-/app/about/page.tsx": {"path":"/workspaces/-/app/about/page.tsx","statementMap":{"0":{"start":{"line":29,"column":24},"end":{"line":29,"column":null}},"1":{"start":{"line":3,"column":23},"end":{"line":3,"column":null}},"2":{"start":{"line":4,"column":42},"end":{"line":4,"column":null}},"3":{"start":{"line":5,"column":30},"end":{"line":5,"column":null}},"4":{"start":{"line":7,"column":17},"end":{"line":13,"column":null}},"5":{"start":{"line":15,"column":13},"end":{"line":20,"column":null}},"6":{"start":{"line":22,"column":15},"end":{"line":27,"column":null}},"7":{"start":{"line":56,"column":16},"end":{"line":57,"column":null}},"8":{"start":{"line":77,"column":16},"end":{"line":78,"column":null}},"9":{"start":{"line":97,"column":16},"end":{"line":98,"column":null}}},"fnMap":{"0":{"name":"AboutPage","decl":{"start":{"line":29,"column":24},"end":{"line":29,"column":null}},"loc":{"start":{"line":29,"column":24},"end":{"line":119,"column":null}}},"1":{"name":"(anonymous_3)","decl":{"start":{"line":55,"column":26},"end":{"line":55,"column":27}},"loc":{"start":{"line":56,"column":16},"end":{"line":57,"column":null}}},"2":{"name":"(anonymous_4)","decl":{"start":{"line":76,"column":28},"end":{"line":76,"column":29}},"loc":{"start":{"line":77,"column":16},"end":{"line":78,"column":null}}},"3":{"name":"(anonymous_5)","decl":{"start":{"line":96,"column":24},"end":{"line":96,"column":25}},"loc":{"start":{"line":97,"column":16},"end":{"line":98,"column":null}}}},"branchMap":{},"s":{"0":0,"1":0,"2":0,"3":0,"4":0,"5":0,"6":0,"7":0,"8":0,"9":0},"f":{"0":0,"1":0,"2":0,"3":0},"b":{}}
,"/workspaces/-/app/contact/page.tsx": {"path":"/workspaces/-/app/contact/page.tsx","statementMap":{"0":{"start":{"line":19,"column":24},"end":{"line":19,"column":null}},"1":{"start":{"line":3,"column":25},"end":{"line":3,"column":null}},"2":{"start":{"line":4,"column":40},"end":{"line":4,"column":null}},"3":{"start":{"line":5,"column":45},"end":{"line":5,"column":null}},"4":{"start":{"line":6,"column":30},"end":{"line":6,"column":null}},"5":{"start":{"line":8,"column":14},"end":{"line":13,"column":null}},"6":{"start":{"line":15,"column":21},"end":{"line":15,"column":null}},"7":{"start":{"line":16,"column":16},"end":{"line":16,"column":null}},"8":{"start":{"line":17,"column":18},"end":{"line":17,"column":null}},"9":{"start":{"line":20,"column":40},"end":{"line":20,"column":null}},"10":{"start":{"line":21,"column":34},"end":{"line":29,"column":null}},"11":{"start":{"line":30,"column":36},"end":{"line":30,"column":null}},"12":{"start":{"line":32,"column":21},"end":{"line":34,"column":null}},"13":{"start":{"line":33,"column":4},"end":{"line":33,"column":null}},"14":{"start":{"line":33,"column":25},"end":{"line":33,"column":null}},"15":{"start":{"line":36,"column":21},"end":{"line":38,"column":null}},"16":{"start":{"line":37,"column":4},"end":{"line":37,"column":null}},"17":{"start":{"line":37,"column":25},"end":{"line":37,"column":null}},"18":{"start":{"line":40,"column":23},"end":{"line":44,"column":null}},"19":{"start":{"line":41,"column":4},"end":{"line":41,"column":null}},"20":{"start":{"line":42,"column":4},"end":{"line":42,"column":null}},"21":{"start":{"line":43,"column":4},"end":{"line":43,"column":null}},"22":{"start":{"line":46,"column":2},"end":{"line":76,"column":null}},"23":{"start":{"line":66,"column":29},"end":{"line":66,"column":null}},"24":{"start":{"line":86,"column":16},"end":{"line":87,"column":null}},"25":{"start":{"line":114,"column":20},"end":{"line":115,"column":null}},"26":{"start":{"line":117,"column":24},"end":{"line":117,"column":null}},"27":{"start":{"line":118,"column":24},"end":{"line":118,"column":null}},"28":{"start":{"line":135,"column":20},"end":{"line":136,"column":null}},"29":{"start":{"line":138,"column":24},"end":{"line":138,"column":null}},"30":{"start":{"line":139,"column":24},"end":{"line":139,"column":null}},"31":{"start":{"line":156,"column":20},"end":{"line":157,"column":null}},"32":{"start":{"line":159,"column":24},"end":{"line":159,"column":null}},"33":{"start":{"line":160,"column":24},"end":{"line":160,"column":null}},"34":{"start":{"line":181,"column":37},"end":{"line":181,"column":null}},"35":{"start":{"line":189,"column":37},"end":{"line":189,"column":null}},"36":{"start":{"line":196,"column":37},"end":{"line":196,"column":null}},"37":{"start":{"line":203,"column":37},"end":{"line":203,"column":null}}},"fnMap":{"0":{"name":"ContactPage","decl":{"start":{"line":19,"column":24},"end":{"line":19,"column":null}},"loc":{"start":{"line":19,"column":24},"end":{"line":236,"column":null}}},"1":{"name":"(anonymous_3)","decl":{"start":{"line":32,"column":21},"end":{"line":32,"column":null}},"loc":{"start":{"line":32,"column":21},"end":{"line":34,"column":null}}},"2":{"name":"(anonymous_4)","decl":{"start":{"line":36,"column":21},"end":{"line":36,"column":null}},"loc":{"start":{"line":36,"column":21},"end":{"line":38,"column":null}}},"3":{"name":"(anonymous_5)","decl":{"start":{"line":40,"column":23},"end":{"line":40,"column":24}},"loc":{"start":{"line":40,"column":24},"end":{"line":44,"column":null}}},"4":{"name":"(anonymous_6)","decl":{"start":{"line":66,"column":23},"end":{"line":66,"column":29}},"loc":{"start":{"line":66,"column":29},"end":{"line":66,"column":null}}},"5":{"name":"(anonymous_7)","decl":{"start":{"line":85,"column":25},"end":{"line":85,"column":26}},"loc":{"start":{"line":86,"column":16},"end":{"line":87,"column":null}}},"6":{"name":"(anonymous_8)","decl":{"start":{"line":113,"column":36},"end":{"line":113,"column":37}},"loc":{"start":{"line":114,"column":20},"end":{"line":115,"column":null}}},"7":{"name":"(anonymous_9)","decl":{"start":{"line":116,"column":31},"end":{"line":116,"column":null}},"loc":{"start":{"line":116,"column":31},"end":{"line":119,"column":null}}},"8":{"name":"(anonymous_10)","decl":{"start":{"line":134,"column":31},"end":{"line":134,"column":32}},"loc":{"start":{"line":135,"column":20},"end":{"line":136,"column":null}}},"9":{"name":"(anonymous_11)","decl":{"start":{"line":137,"column":31},"end":{"line":137,"column":null}},"loc":{"start":{"line":137,"column":31},"end":{"line":140,"column":null}}},"10":{"name":"(anonymous_12)","decl":{"start":{"line":155,"column":33},"end":{"line":155,"column":34}},"loc":{"start":{"line":156,"column":20},"end":{"line":157,"column":null}}},"11":{"name":"(anonymous_13)","decl":{"start":{"line":158,"column":31},"end":{"line":158,"column":null}},"loc":{"start":{"line":158,"column":31},"end":{"line":161,"column":null}}},"12":{"name":"(anonymous_14)","decl":{"start":{"line":181,"column":30},"end":{"line":181,"column":31}},"loc":{"start":{"line":181,"column":37},"end":{"line":181,"column":null}}},"13":{"name":"(anonymous_15)","decl":{"start":{"line":189,"column":30},"end":{"line":189,"column":31}},"loc":{"start":{"line":189,"column":37},"end":{"line":189,"column":null}}},"14":{"name":"(anonymous_16)","decl":{"start":{"line":196,"column":30},"end":{"line":196,"column":31}},"loc":{"start":{"line":196,"column":37},"end":{"line":196,"column":null}}},"15":{"name":"(anonymous_17)","decl":{"start":{"line":203,"column":30},"end":{"line":203,"column":31}},"loc":{"start":{"line":203,"column":37},"end":{"line":203,"column":null}}}},"branchMap":{"0":{"loc":{"start":{"line":33,"column":4},"end":{"line":33,"column":null}},"type":"if","locations":[{"start":{"line":33,"column":4},"end":{"line":33,"column":null}}]},"1":{"loc":{"start":{"line":37,"column":4},"end":{"line":37,"column":null}},"type":"if","locations":[{"start":{"line":37,"column":4},"end":{"line":37,"column":null}}]},"2":{"loc":{"start":{"line":46,"column":2},"end":{"line":76,"column":null}},"type":"if","locations":[{"start":{"line":46,"column":2},"end":{"line":76,"column":null}}]},"3":{"loc":{"start":{"line":89,"column":20},"end":{"line":89,"column":null}},"type":"cond-expr","locations":[{"start":{"line":89,"column":45},"end":{"line":89,"column":59}},{"start":{"line":89,"column":59},"end":{"line":89,"column":null}}]},"4":{"loc":{"start":{"line":111,"column":15},"end":{"line":111,"column":null}},"type":"binary-expr","locations":[{"start":{"line":111,"column":15},"end":{"line":111,"column":null}}]},"5":{"loc":{"start":{"line":121,"column":24},"end":{"line":123,"column":null}},"type":"cond-expr","locations":[{"start":{"line":122,"column":28},"end":{"line":122,"column":null}},{"start":{"line":123,"column":28},"end":{"line":123,"column":null}}]},"6":{"loc":{"start":{"line":132,"column":15},"end":{"line":132,"column":null}},"type":"binary-expr","locations":[{"start":{"line":132,"column":15},"end":{"line":132,"column":null}}]},"7":{"loc":{"start":{"line":142,"column":24},"end":{"line":144,"column":null}},"type":"cond-expr","locations":[{"start":{"line":143,"column":28},"end":{"line":143,"column":null}},{"start":{"line":144,"column":28},"end":{"line":144,"column":null}}]},"8":{"loc":{"start":{"line":153,"column":15},"end":{"line":153,"column":null}},"type":"binary-expr","locations":[{"start":{"line":153,"column":15},"end":{"line":153,"column":null}}]},"9":{"loc":{"start":{"line":163,"column":24},"end":{"line":165,"column":null}},"type":"cond-expr","locations":[{"start":{"line":164,"column":28},"end":{"line":164,"column":null}},{"start":{"line":165,"column":28},"end":{"line":165,"column":null}}]},"10":{"loc":{"start":{"line":174,"column":15},"end":{"line":174,"column":null}},"type":"binary-expr","locations":[{"start":{"line":174,"column":15},"end":{"line":174,"column":null}}]},"11":{"loc":{"start":{"line":219,"column":11},"end":{"line":219,"column":null}},"type":"binary-expr","locations":[{"start":{"line":219,"column":11},"end":{"line":219,"column":null}}]}},"s":{"0":0,"1":0,"2":0,"3":0,"4":0,"5":0,"6":0,"7":0,"8":0,"9":0,"10":0,"11":0,"12":0,"13":0,"14":0,"15":0,"16":0,"17":0,"18":0,"19":0,"20":0,"21":0,"22":0,"23":0,"24":0,"25":0,"26":0,"27":0,"28":0,"29":0,"30":0,"31":0,"32":0,"33":0,"34":0,"35":0,"36":0,"37":0},"f":{"0":0,"1":0,"2":0,"3":0,"4":0,"5":0,"6":0,"7":0,"8":0,"9":0,"10":0,"11":0,"12":0,"13":0,"14":0,"15":0},"b":{"0":[0],"1":[0],"2":[0],"3":[0,0],"4":[0],"5":[0,0],"6":[0],"7":[0,0],"8":[0],"9":[0,0],"10":[0],"11":[0]}}
,"/workspaces/-/app/faq/page.tsx": {"path":"/workspaces/-/app/faq/page.tsx","statementMap":{"0":{"start":{"line":48,"column":24},"end":{"line":48,"column":null}},"1":{"start":{"line":3,"column":23},"end":{"line":3,"column":null}},"2":{"start":{"line":4,"column":29},"end":{"line":4,"column":null}},"3":{"start":{"line":5,"column":30},"end":{"line":5,"column":null}},"4":{"start":{"line":6,"column":26},"end":{"line":6,"column":null}},"5":{"start":{"line":8,"column":13},"end":{"line":41,"column":null}},"6":{"start":{"line":43,"column":22},"end":{"line":46,"column":null}},"7":{"start":{"line":43,"column":39},"end":{"line":46,"column":null}}},"fnMap":{"0":{"name":"(anonymous_2)","decl":{"start":{"line":43,"column":31},"end":{"line":43,"column":39}},"loc":{"start":{"line":43,"column":39},"end":{"line":46,"column":null}}},"1":{"name":"FAQPage","decl":{"start":{"line":48,"column":24},"end":{"line":48,"column":null}},"loc":{"start":{"line":48,"column":24},"end":{"line":97,"column":null}}}},"branchMap":{},"s":{"0":0,"1":0,"2":0,"3":0,"4":0,"5":0,"6":0,"7":0},"f":{"0":0,"1":0},"b":{}}
,"/workspaces/-/app/insights/page.tsx": {"path":"/workspaces/-/app/insights/page.tsx","statementMap":{"0":{"start":{"line":35,"column":24},"end":{"line":35,"column":null}},"1":{"start":{"line":3,"column":23},"end":{"line":3,"column":null}},"2":{"start":{"line":4,"column":17},"end":{"line":4,"column":null}},"3":{"start":{"line":5,"column":34},"end":{"line":5,"column":null}},"4":{"start":{"line":6,"column":30},"end":{"line":6,"column":null}},"5":{"start":{"line":8,"column":17},"end":{"line":33,"column":null}},"6":{"start":{"line":91,"column":14},"end":{"line":92,"column":null}}},"fnMap":{"0":{"name":"InsightsPage","decl":{"start":{"line":35,"column":24},"end":{"line":35,"column":null}},"loc":{"start":{"line":35,"column":24},"end":{"line":127,"column":null}}},"1":{"name":"(anonymous_3)","decl":{"start":{"line":90,"column":35},"end":{"line":90,"column":36}},"loc":{"start":{"line":91,"column":14},"end":{"line":92,"column":null}}}},"branchMap":{},"s":{"0":0,"1":0,"2":0,"3":0,"4":0,"5":0,"6":0},"f":{"0":0,"1":0},"b":{}}
,"/workspaces/-/app/insights/[slug]/page.tsx": {"path":"/workspaces/-/app/insights/[slug]/page.tsx","statementMap":{"0":{"start":{"line":26,"column":30},"end":{"line":26,"column":42}},"1":{"start":{"line":13,"column":22},"end":{"line":13,"column":39}},"2":{"start":{"line":8,"column":22},"end":{"line":8,"column":null}},"3":{"start":{"line":1,"column":25},"end":{"line":1,"column":null}},"4":{"start":{"line":2,"column":26},"end":{"line":2,"column":null}},"5":{"start":{"line":3,"column":51},"end":{"line":3,"column":null}},"6":{"start":{"line":4,"column":62},"end":{"line":4,"column":null}},"7":{"start":{"line":5,"column":30},"end":{"line":5,"column":null}},"8":{"start":{"line":6,"column":22},"end":{"line":6,"column":null}},"9":{"start":{"line":9,"column":19},"end":{"line":9,"column":null}},"10":{"start":{"line":10,"column":2},"end":{"line":10,"column":null}},"11":{"start":{"line":10,"column":36},"end":{"line":10,"column":null}},"12":{"start":{"line":14,"column":19},"end":{"line":14,"column":null}},"13":{"start":{"line":15,"column":18},"end":{"line":15,"column":null}},"14":{"start":{"line":16,"column":2},"end":{"line":16,"column":null}},"15":{"start":{"line":16,"column":16},"end":{"line":16,"column":null}},"16":{"start":{"line":18,"column":2},"end":{"line":23,"column":null}},"17":{"start":{"line":27,"column":19},"end":{"line":27,"column":null}},"18":{"start":{"line":28,"column":18},"end":{"line":28,"column":null}},"19":{"start":{"line":30,"column":2},"end":{"line":30,"column":null}},"20":{"start":{"line":30,"column":16},"end":{"line":30,"column":null}}},"fnMap":{"0":{"name":"generateStaticParams","decl":{"start":{"line":8,"column":22},"end":{"line":8,"column":null}},"loc":{"start":{"line":8,"column":22},"end":{"line":11,"column":null}}},"1":{"name":"(anonymous_6)","decl":{"start":{"line":10,"column":22},"end":{"line":10,"column":23}},"loc":{"start":{"line":10,"column":36},"end":{"line":10,"column":null}}},"2":{"name":"generateMetadata","decl":{"start":{"line":13,"column":22},"end":{"line":13,"column":39}},"loc":{"start":{"line":13,"column":88},"end":{"line":24,"column":null}}},"3":{"name":"InsightPage","decl":{"start":{"line":26,"column":30},"end":{"line":26,"column":42}},"loc":{"start":{"line":26,"column":91},"end":{"line":76,"column":null}}}},"branchMap":{"0":{"loc":{"start":{"line":16,"column":2},"end":{"line":16,"column":null}},"type":"if","locations":[{"start":{"line":16,"column":2},"end":{"line":16,"column":null}}]},"1":{"loc":{"start":{"line":30,"column":2},"end":{"line":30,"column":null}},"type":"if","locations":[{"start":{"line":30,"column":2},"end":{"line":30,"column":null}}]},"2":{"loc":{"start":{"line":45,"column":15},"end":{"line":45,"column":27}},"type":"binary-expr","locations":[{"start":{"line":45,"column":15},"end":{"line":45,"column":27}}]}},"s":{"0":0,"1":0,"2":0,"3":0,"4":0,"5":0,"6":0,"7":0,"8":0,"9":0,"10":0,"11":0,"12":0,"13":0,"14":0,"15":0,"16":0,"17":0,"18":0,"19":0,"20":0},"f":{"0":0,"1":0,"2":0,"3":0},"b":{"0":[0],"1":[0],"2":[0]}}
,"/workspaces/-/app/privacy/page.tsx": {"path":"/workspaces/-/app/privacy/page.tsx","statementMap":{"0":{"start":{"line":8,"column":24},"end":{"line":8,"column":null}},"1":{"start":{"line":3,"column":13},"end":{"line":3,"column":24}},"2":{"start":{"line":1,"column":30},"end":{"line":1,"column":null}},"3":{"start":{"line":3,"column":24},"end":{"line":6,"column":null}}},"fnMap":{"0":{"name":"PrivacyPage","decl":{"start":{"line":8,"column":24},"end":{"line":8,"column":null}},"loc":{"start":{"line":8,"column":24},"end":{"line":71,"column":null}}}},"branchMap":{},"s":{"0":0,"1":0,"2":0,"3":0},"f":{"0":0},"b":{}}
,"/workspaces/-/app/projects/[slug]/page.tsx": {"path":"/workspaces/-/app/projects/[slug]/page.tsx","statementMap":{"0":{"start":{"line":25,"column":30},"end":{"line":25,"column":42}},"1":{"start":{"line":12,"column":22},"end":{"line":12,"column":39}},"2":{"start":{"line":7,"column":22},"end":{"line":7,"column":null}},"3":{"start":{"line":1,"column":25},"end":{"line":1,"column":null}},"4":{"start":{"line":2,"column":26},"end":{"line":2,"column":null}},"5":{"start":{"line":3,"column":51},"end":{"line":3,"column":null}},"6":{"start":{"line":4,"column":79},"end":{"line":4,"column":null}},"7":{"start":{"line":5,"column":30},"end":{"line":5,"column":null}},"8":{"start":{"line":8,"column":19},"end":{"line":8,"column":null}},"9":{"start":{"line":9,"column":2},"end":{"line":9,"column":null}},"10":{"start":{"line":9,"column":36},"end":{"line":9,"column":null}},"11":{"start":{"line":13,"column":19},"end":{"line":13,"column":null}},"12":{"start":{"line":14,"column":18},"end":{"line":14,"column":null}},"13":{"start":{"line":15,"column":2},"end":{"line":15,"column":null}},"14":{"start":{"line":15,"column":16},"end":{"line":15,"column":null}},"15":{"start":{"line":17,"column":2},"end":{"line":22,"column":null}},"16":{"start":{"line":26,"column":19},"end":{"line":26,"column":null}},"17":{"start":{"line":27,"column":18},"end":{"line":27,"column":null}},"18":{"start":{"line":29,"column":2},"end":{"line":29,"column":null}},"19":{"start":{"line":29,"column":16},"end":{"line":29,"column":null}},"20":{"start":{"line":61,"column":16},"end":{"line":61,"column":29}},"21":{"start":{"line":86,"column":18},"end":{"line":86,"column":32}}},"fnMap":{"0":{"name":"generateStaticParams","decl":{"start":{"line":7,"column":22},"end":{"line":7,"column":null}},"loc":{"start":{"line":7,"column":22},"end":{"line":10,"column":null}}},"1":{"name":"(anonymous_6)","decl":{"start":{"line":9,"column":22},"end":{"line":9,"column":23}},"loc":{"start":{"line":9,"column":36},"end":{"line":9,"column":null}}},"2":{"name":"generateMetadata","decl":{"start":{"line":12,"column":22},"end":{"line":12,"column":39}},"loc":{"start":{"line":12,"column":88},"end":{"line":23,"column":null}}},"3":{"name":"ProjectPage","decl":{"start":{"line":25,"column":30},"end":{"line":25,"column":42}},"loc":{"start":{"line":25,"column":91},"end":{"line":98,"column":null}}},"4":{"name":"(anonymous_9)","decl":{"start":{"line":60,"column":35},"end":{"line":60,"column":36}},"loc":{"start":{"line":61,"column":16},"end":{"line":61,"column":29}}},"5":{"name":"(anonymous_10)","decl":{"start":{"line":85,"column":40},"end":{"line":85,"column":41}},"loc":{"start":{"line":86,"column":18},"end":{"line":86,"column":32}}}},"branchMap":{"0":{"loc":{"start":{"line":15,"column":2},"end":{"line":15,"column":null}},"type":"if","locations":[{"start":{"line":15,"column":2},"end":{"line":15,"column":null}}]},"1":{"loc":{"start":{"line":29,"column":2},"end":{"line":29,"column":null}},"type":"if","locations":[{"start":{"line":29,"column":2},"end":{"line":29,"column":null}}]},"2":{"loc":{"start":{"line":52,"column":11},"end":{"line":52,"column":35}},"type":"binary-expr","locations":[{"start":{"line":52,"column":11},"end":{"line":52,"column":35}}]},"3":{"loc":{"start":{"line":58,"column":11},"end":{"line":58,"column":26}},"type":"binary-expr","locations":[{"start":{"line":58,"column":11},"end":{"line":58,"column":26}}]},"4":{"loc":{"start":{"line":81,"column":11},"end":{"line":81,"column":29}},"type":"binary-expr","locations":[{"start":{"line":81,"column":11},"end":{"line":81,"column":29}}]}},"s":{"0":0,"1":0,"2":0,"3":0,"4":0,"5":0,"6":0,"7":0,"8":0,"9":0,"10":0,"11":0,"12":0,"13":0,"14":0,"15":0,"16":0,"17":0,"18":0,"19":0,"20":0,"21":0},"f":{"0":0,"1":0,"2":0,"3":0,"4":0,"5":0},"b":{"0":[0],"1":[0],"2":[0],"3":[0],"4":[0]}}
,"/workspaces/-/app/services/page.tsx": {"path":"/workspaces/-/app/services/page.tsx","statementMap":{"0":{"start":{"line":54,"column":24},"end":{"line":54,"column":null}},"1":{"start":{"line":3,"column":23},"end":{"line":3,"column":null}},"2":{"start":{"line":4,"column":29},"end":{"line":4,"column":null}},"3":{"start":{"line":5,"column":30},"end":{"line":5,"column":null}},"4":{"start":{"line":6,"column":50},"end":{"line":6,"column":null}},"5":{"start":{"line":8,"column":17},"end":{"line":29,"column":null}},"6":{"start":{"line":31,"column":20},"end":{"line":52,"column":null}},"7":{"start":{"line":78,"column":16},"end":{"line":79,"column":null}}},"fnMap":{"0":{"name":"ServicesPage","decl":{"start":{"line":54,"column":24},"end":{"line":54,"column":null}},"loc":{"start":{"line":54,"column":24},"end":{"line":143,"column":null}}},"1":{"name":"(anonymous_3)","decl":{"start":{"line":77,"column":28},"end":{"line":77,"column":29}},"loc":{"start":{"line":78,"column":16},"end":{"line":79,"column":null}}}},"branchMap":{},"s":{"0":0,"1":0,"2":0,"3":0,"4":0,"5":0,"6":0,"7":0},"f":{"0":0,"1":0},"b":{}}
,"/workspaces/-/app/services/[slug]/page.tsx": {"path":"/workspaces/-/app/services/[slug]/page.tsx","statementMap":{"0":{"start":{"line":25,"column":30},"end":{"line":25,"column":42}},"1":{"start":{"line":12,"column":22},"end":{"line":12,"column":39}},"2":{"start":{"line":7,"column":22},"end":{"line":7,"column":null}},"3":{"start":{"line":1,"column":25},"end":{"line":1,"column":null}},"4":{"start":{"line":2,"column":26},"end":{"line":2,"column":null}},"5":{"start":{"line":3,"column":51},"end":{"line":3,"column":null}},"6":{"start":{"line":4,"column":89},"end":{"line":4,"column":null}},"7":{"start":{"line":5,"column":30},"end":{"line":5,"column":null}},"8":{"start":{"line":8,"column":19},"end":{"line":8,"column":null}},"9":{"start":{"line":9,"column":2},"end":{"line":9,"column":null}},"10":{"start":{"line":9,"column":36},"end":{"line":9,"column":null}},"11":{"start":{"line":13,"column":19},"end":{"line":13,"column":null}},"12":{"start":{"line":14,"column":18},"end":{"line":14,"column":null}},"13":{"start":{"line":15,"column":2},"end":{"line":15,"column":null}},"14":{"start":{"line":15,"column":16},"end":{"line":15,"column":null}},"15":{"start":{"line":17,"column":2},"end":{"line":22,"column":null}},"16":{"start":{"line":26,"column":19},"end":{"line":26,"column":null}},"17":{"start":{"line":27,"column":18},"end":{"line":27,"column":null}},"18":{"start":{"line":29,"column":2},"end":{"line":29,"column":null}},"19":{"start":{"line":29,"column":16},"end":{"line":29,"column":null}}},"fnMap":{"0":{"name":"generateStaticParams","decl":{"start":{"line":7,"column":22},"end":{"line":7,"column":null}},"loc":{"start":{"line":7,"column":22},"end":{"line":10,"column":null}}},"1":{"name":"(anonymous_6)","decl":{"start":{"line":9,"column":22},"end":{"line":9,"column":23}},"loc":{"start":{"line":9,"column":36},"end":{"line":9,"column":null}}},"2":{"name":"generateMetadata","decl":{"start":{"line":12,"column":22},"end":{"line":12,"column":39}},"loc":{"start":{"line":12,"column":88},"end":{"line":23,"column":null}}},"3":{"name":"ServicePage","decl":{"start":{"line":25,"column":30},"end":{"line":25,"column":42}},"loc":{"start":{"line":25,"column":91},"end":{"line":62,"column":null}}}},"branchMap":{"0":{"loc":{"start":{"line":15,"column":2},"end":{"line":15,"column":null}},"type":"if","locations":[{"start":{"line":15,"column":2},"end":{"line":15,"column":null}}]},"1":{"loc":{"start":{"line":29,"column":2},"end":{"line":29,"column":null}},"type":"if","locations":[{"start":{"line":29,"column":2},"end":{"line":29,"column":null}}]}},"s":{"0":0,"1":0,"2":0,"3":0,"4":0,"5":0,"6":0,"7":0,"8":0,"9":0,"10":0,"11":0,"12":0,"13":0,"14":0,"15":0,"16":0,"17":0,"18":0,"19":0},"f":{"0":0,"1":0,"2":0,"3":0},"b":{"0":[0],"1":[0]}}
,"/workspaces/-/app/terms/page.tsx": {"path":"/workspaces/-/app/terms/page.tsx","statementMap":{"0":{"start":{"line":8,"column":24},"end":{"line":8,"column":null}},"1":{"start":{"line":3,"column":13},"end":{"line":3,"column":24}},"2":{"start":{"line":1,"column":30},"end":{"line":1,"column":null}},"3":{"start":{"line":3,"column":24},"end":{"line":6,"column":null}}},"fnMap":{"0":{"name":"TermsPage","decl":{"start":{"line":8,"column":24},"end":{"line":8,"column":null}},"loc":{"start":{"line":8,"column":24},"end":{"line":70,"column":null}}}},"branchMap":{},"s":{"0":0,"1":0,"2":0,"3":0},"f":{"0":0},"b":{}}
,"/workspaces/-/components/Analytics.tsx": {"path":"/workspaces/-/components/Analytics.tsx","statementMap":{"0":{"start":{"line":5,"column":24},"end":{"line":5,"column":null}},"1":{"start":{"line":3,"column":19},"end":{"line":3,"column":null}}},"fnMap":{"0":{"name":"Analytics","decl":{"start":{"line":5,"column":24},"end":{"line":5,"column":null}},"loc":{"start":{"line":5,"column":24},"end":{"line":41,"column":null}}}},"branchMap":{},"s":{"0":0,"1":0},"f":{"0":0},"b":{}}
,"/workspaces/-/components/CustomCursor.tsx": {"path":"/workspaces/-/components/CustomCursor.tsx","statementMap":{"0":{"start":{"line":6,"column":24},"end":{"line":6,"column":null}},"1":{"start":{"line":3,"column":36},"end":{"line":3,"column":null}},"2":{"start":{"line":4,"column":23},"end":{"line":4,"column":null}},"3":{"start":{"line":7,"column":44},"end":{"line":7,"column":null}},"4":{"start":{"line":8,"column":36},"end":{"line":8,"column":null}},"5":{"start":{"line":10,"column":2},"end":{"line":24,"column":null}},"6":{"start":{"line":11,"column":28},"end":{"line":20,"column":null}},"7":{"start":{"line":12,"column":6},"end":{"line":12,"column":null}},"8":{"start":{"line":14,"column":21},"end":{"line":14,"column":29}},"9":{"start":{"line":15,"column":6},"end":{"line":18,"column":null}},"10":{"start":{"line":22,"column":4},"end":{"line":22,"column":null}},"11":{"start":{"line":23,"column":4},"end":{"line":23,"column":null}},"12":{"start":{"line":23,"column":17},"end":{"line":23,"column":null}}},"fnMap":{"0":{"name":"CustomCursor","decl":{"start":{"line":6,"column":24},"end":{"line":6,"column":null}},"loc":{"start":{"line":6,"column":24},"end":{"line":48,"column":null}}},"1":{"name":"(anonymous_2)","decl":{"start":{"line":10,"column":12},"end":{"line":10,"column":null}},"loc":{"start":{"line":10,"column":12},"end":{"line":24,"column":5}}},"2":{"name":"(anonymous_3)","decl":{"start":{"line":11,"column":28},"end":{"line":11,"column":29}},"loc":{"start":{"line":11,"column":29},"end":{"line":20,"column":null}}},"3":{"name":"(anonymous_4)","decl":{"start":{"line":23,"column":11},"end":{"line":23,"column":17}},"loc":{"start":{"line":23,"column":17},"end":{"line":23,"column":null}}}},"branchMap":{"0":{"loc":{"start":{"line":16,"column":8},"end":{"line":18,"column":null}},"type":"binary-expr","locations":[{"start":{"line":16,"column":8},"end":{"line":16,"column":null}},{"start":{"line":17,"column":8},"end":{"line":17,"column":null}},{"start":{"line":18,"column":8},"end":{"line":18,"column":null}}]},"1":{"loc":{"start":{"line":33,"column":17},"end":{"line":33,"column":null}},"type":"cond-expr","locations":[{"start":{"line":33,"column":29},"end":{"line":33,"column":35}},{"start":{"line":33,"column":35},"end":{"line":33,"column":null}}]},"2":{"loc":{"start":{"line":42,"column":17},"end":{"line":42,"column":null}},"type":"cond-expr","locations":[{"start":{"line":42,"column":29},"end":{"line":42,"column":35}},{"start":{"line":42,"column":35},"end":{"line":42,"column":null}}]}},"s":{"0":0,"1":0,"2":0,"3":0,"4":0,"5":0,"6":0,"7":0,"8":0,"9":0,"10":0,"11":0,"12":0},"f":{"0":0,"1":0,"2":0,"3":0},"b":{"0":[0,0,0],"1":[0,0],"2":[0,0]}}
,"/workspaces/-/components/Hero.tsx": {"path":"/workspaces/-/components/Hero.tsx","statementMap":{"0":{"start":{"line":7,"column":24},"end":{"line":7,"column":null}},"1":{"start":{"line":3,"column":50},"end":{"line":3,"column":null}},"2":{"start":{"line":4,"column":27},"end":{"line":4,"column":null}},"3":{"start":{"line":5,"column":35},"end":{"line":5,"column":null}},"4":{"start":{"line":8,"column":20},"end":{"line":8,"column":null}},"5":{"start":{"line":9,"column":12},"end":{"line":9,"column":null}},"6":{"start":{"line":10,"column":12},"end":{"line":10,"column":null}},"7":{"start":{"line":12,"column":18},"end":{"line":12,"column":null}},"8":{"start":{"line":13,"column":18},"end":{"line":13,"column":null}},"9":{"start":{"line":15,"column":26},"end":{"line":28,"column":null}},"10":{"start":{"line":16,"column":4},"end":{"line":16,"column":null}},"11":{"start":{"line":16,"column":28},"end":{"line":16,"column":null}},"12":{"start":{"line":17,"column":17},"end":{"line":17,"column":null}},"13":{"start":{"line":18,"column":20},"end":{"line":18,"column":null}},"14":{"start":{"line":19,"column":20},"end":{"line":19,"column":null}},"15":{"start":{"line":20,"column":21},"end":{"line":21,"column":null}},"16":{"start":{"line":24,"column":4},"end":{"line":27,"column":null}},"17":{"start":{"line":25,"column":6},"end":{"line":25,"column":null}},"18":{"start":{"line":26,"column":6},"end":{"line":26,"column":null}},"19":{"start":{"line":30,"column":27},"end":{"line":33,"column":null}},"20":{"start":{"line":31,"column":4},"end":{"line":31,"column":null}},"21":{"start":{"line":32,"column":4},"end":{"line":32,"column":null}}},"fnMap":{"0":{"name":"Hero","decl":{"start":{"line":7,"column":24},"end":{"line":7,"column":null}},"loc":{"start":{"line":7,"column":24},"end":{"line":108,"column":null}}},"1":{"name":"(anonymous_2)","decl":{"start":{"line":15,"column":26},"end":{"line":15,"column":27}},"loc":{"start":{"line":15,"column":27},"end":{"line":28,"column":null}}},"2":{"name":"(anonymous_3)","decl":{"start":{"line":30,"column":27},"end":{"line":30,"column":null}},"loc":{"start":{"line":30,"column":27},"end":{"line":33,"column":null}}}},"branchMap":{"0":{"loc":{"start":{"line":16,"column":4},"end":{"line":16,"column":null}},"type":"if","locations":[{"start":{"line":16,"column":4},"end":{"line":16,"column":null}}]},"1":{"loc":{"start":{"line":24,"column":4},"end":{"line":27,"column":null}},"type":"if","locations":[{"start":{"line":24,"column":4},"end":{"line":27,"column":null}}]}},"s":{"0":3,"1":1,"2":1,"3":1,"4":3,"5":3,"6":3,"7":3,"8":3,"9":3,"10":0,"11":0,"12":0,"13":0,"14":0,"15":0,"16":0,"17":0,"18":0,"19":3,"20":0,"21":0},"f":{"0":3,"1":0,"2":0},"b":{"0":[0],"1":[0]}}
,"/workspaces/-/components/InteractiveFooter.tsx": {"path":"/workspaces/-/components/InteractiveFooter.tsx","statementMap":{"0":{"start":{"line":6,"column":24},"end":{"line":6,"column":null}},"1":{"start":{"line":3,"column":36},"end":{"line":3,"column":null}},"2":{"start":{"line":4,"column":34},"end":{"line":4,"column":null}},"3":{"start":{"line":7,"column":26},"end":{"line":7,"column":null}},"4":{"start":{"line":8,"column":23},"end":{"line":8,"column":null}},"5":{"start":{"line":9,"column":32},"end":{"line":9,"column":null}},"6":{"start":{"line":11,"column":2},"end":{"line":24,"column":null}},"7":{"start":{"line":12,"column":4},"end":{"line":12,"column":null}},"8":{"start":{"line":13,"column":23},"end":{"line":20,"column":null}},"9":{"start":{"line":14,"column":6},"end":{"line":19,"column":null}},"10":{"start":{"line":21,"column":4},"end":{"line":21,"column":null}},"11":{"start":{"line":22,"column":21},"end":{"line":22,"column":null}},"12":{"start":{"line":23,"column":4},"end":{"line":23,"column":null}},"13":{"start":{"line":23,"column":17},"end":{"line":23,"column":null}},"14":{"start":{"line":26,"column":2},"end":{"line":26,"column":null}},"15":{"start":{"line":26,"column":16},"end":{"line":26,"column":null}}},"fnMap":{"0":{"name":"InteractiveFooter","decl":{"start":{"line":6,"column":24},"end":{"line":6,"column":null}},"loc":{"start":{"line":6,"column":24},"end":{"line":73,"column":null}}},"1":{"name":"(anonymous_2)","decl":{"start":{"line":11,"column":12},"end":{"line":11,"column":null}},"loc":{"start":{"line":11,"column":12},"end":{"line":24,"column":5}}},"2":{"name":"(anonymous_3)","decl":{"start":{"line":13,"column":23},"end":{"line":13,"column":null}},"loc":{"start":{"line":13,"column":23},"end":{"line":20,"column":null}}},"3":{"name":"(anonymous_4)","decl":{"start":{"line":23,"column":11},"end":{"line":23,"column":17}},"loc":{"start":{"line":23,"column":17},"end":{"line":23,"column":null}}}},"branchMap":{"0":{"loc":{"start":{"line":26,"column":2},"end":{"line":26,"column":null}},"type":"if","locations":[{"start":{"line":26,"column":2},"end":{"line":26,"column":null}}]}},"s":{"0":5,"1":1,"2":1,"3":10,"4":10,"5":10,"6":10,"7":5,"8":5,"9":5,"10":5,"11":5,"12":5,"13":5,"14":10,"15":5},"f":{"0":10,"1":5,"2":5,"3":5},"b":{"0":[5]}}
,"/workspaces/-/components/Navigation.tsx": {"path":"/workspaces/-/components/Navigation.tsx","statementMap":{"0":{"start":{"line":17,"column":24},"end":{"line":17,"column":null}},"1":{"start":{"line":3,"column":36},"end":{"line":3,"column":null}},"2":{"start":{"line":4,"column":40},"end":{"line":4,"column":null}},"3":{"start":{"line":5,"column":17},"end":{"line":5,"column":null}},"4":{"start":{"line":6,"column":24},"end":{"line":6,"column":null}},"5":{"start":{"line":8,"column":17},"end":{"line":15,"column":null}},"6":{"start":{"line":18,"column":30},"end":{"line":18,"column":null}},"7":{"start":{"line":19,"column":34},"end":{"line":19,"column":null}},"8":{"start":{"line":21,"column":2},"end":{"line":25,"column":null}},"9":{"start":{"line":22,"column":25},"end":{"line":22,"column":null}},"10":{"start":{"line":22,"column":31},"end":{"line":22,"column":null}},"11":{"start":{"line":23,"column":4},"end":{"line":23,"column":null}},"12":{"start":{"line":24,"column":4},"end":{"line":24,"column":null}},"13":{"start":{"line":24,"column":17},"end":{"line":24,"column":null}},"14":{"start":{"line":50,"column":14},"end":{"line":51,"column":null}},"15":{"start":{"line":75,"column":27},"end":{"line":75,"column":null}},"16":{"start":{"line":95,"column":16},"end":{"line":96,"column":null}},"17":{"start":{"line":103,"column":35},"end":{"line":103,"column":null}}},"fnMap":{"0":{"name":"Navigation","decl":{"start":{"line":17,"column":24},"end":{"line":17,"column":null}},"loc":{"start":{"line":17,"column":24},"end":{"line":116,"column":null}}},"1":{"name":"(anonymous_3)","decl":{"start":{"line":21,"column":12},"end":{"line":21,"column":null}},"loc":{"start":{"line":21,"column":12},"end":{"line":25,"column":5}}},"2":{"name":"(anonymous_4)","decl":{"start":{"line":22,"column":25},"end":{"line":22,"column":31}},"loc":{"start":{"line":22,"column":31},"end":{"line":22,"column":null}}},"3":{"name":"(anonymous_5)","decl":{"start":{"line":24,"column":11},"end":{"line":24,"column":17}},"loc":{"start":{"line":24,"column":17},"end":{"line":24,"column":null}}},"4":{"name":"(anonymous_6)","decl":{"start":{"line":49,"column":26},"end":{"line":49,"column":27}},"loc":{"start":{"line":50,"column":14},"end":{"line":51,"column":null}}},"5":{"name":"(anonymous_7)","decl":{"start":{"line":75,"column":21},"end":{"line":75,"column":27}},"loc":{"start":{"line":75,"column":27},"end":{"line":75,"column":null}}},"6":{"name":"(anonymous_8)","decl":{"start":{"line":94,"column":28},"end":{"line":94,"column":29}},"loc":{"start":{"line":95,"column":16},"end":{"line":96,"column":null}}},"7":{"name":"(anonymous_9)","decl":{"start":{"line":103,"column":29},"end":{"line":103,"column":35}},"loc":{"start":{"line":103,"column":35},"end":{"line":103,"column":null}}}},"branchMap":{"0":{"loc":{"start":{"line":33,"column":10},"end":{"line":33,"column":null}},"type":"cond-expr","locations":[{"start":{"line":33,"column":21},"end":{"line":33,"column":79}},{"start":{"line":33,"column":79},"end":{"line":33,"column":null}}]},"1":{"loc":{"start":{"line":78,"column":22},"end":{"line":78,"column":41}},"type":"cond-expr","locations":[{"start":{"line":78,"column":22},"end":{"line":78,"column":41}}]},"2":{"loc":{"start":{"line":85,"column":9},"end":{"line":85,"column":null}},"type":"binary-expr","locations":[{"start":{"line":85,"column":9},"end":{"line":85,"column":null}}]}},"s":{"0":3,"1":1,"2":1,"3":1,"4":1,"5":1,"6":3,"7":3,"8":3,"9":3,"10":0,"11":3,"12":3,"13":3,"14":18,"15":0,"16":0,"17":0},"f":{"0":3,"1":3,"2":0,"3":3,"4":18,"5":0,"6":0,"7":0},"b":{"0":[0,3],"1":[0],"2":[3]}}
,"/workspaces/-/components/PortfolioGrid.tsx": {"path":"/workspaces/-/components/PortfolioGrid.tsx","statementMap":{"0":{"start":{"line":7,"column":24},"end":{"line":7,"column":38}},"1":{"start":{"line":3,"column":23},"end":{"line":3,"column":null}},"2":{"start":{"line":4,"column":17},"end":{"line":4,"column":null}},"3":{"start":{"line":15,"column":12},"end":{"line":16,"column":null}},"4":{"start":{"line":36,"column":26},"end":{"line":36,"column":39}}},"fnMap":{"0":{"name":"PortfolioGrid","decl":{"start":{"line":7,"column":24},"end":{"line":7,"column":38}},"loc":{"start":{"line":7,"column":79},"end":{"line":52,"column":null}}},"1":{"name":"(anonymous_3)","decl":{"start":{"line":14,"column":24},"end":{"line":14,"column":25}},"loc":{"start":{"line":15,"column":12},"end":{"line":16,"column":null}}},"2":{"name":"(anonymous_4)","decl":{"start":{"line":35,"column":45},"end":{"line":35,"column":46}},"loc":{"start":{"line":36,"column":26},"end":{"line":36,"column":39}}}},"branchMap":{"0":{"loc":{"start":{"line":33,"column":21},"end":{"line":33,"column":36}},"type":"binary-expr","locations":[{"start":{"line":33,"column":21},"end":{"line":33,"column":36}}]}},"s":{"0":5,"1":1,"2":1,"3":4,"4":8},"f":{"0":5,"1":4,"2":8},"b":{"0":[4]}}
,"/workspaces/-/components/PriceCalculator.tsx": {"path":"/workspaces/-/components/PriceCalculator.tsx","statementMap":{"0":{"start":{"line":29,"column":24},"end":{"line":29,"column":null}},"1":{"start":{"line":3,"column":25},"end":{"line":3,"column":null}},"2":{"start":{"line":4,"column":23},"end":{"line":4,"column":null}},"3":{"start":{"line":5,"column":34},"end":{"line":5,"column":null}},"4":{"start":{"line":7,"column":16},"end":{"line":27,"column":null}},"5":{"start":{"line":30,"column":34},"end":{"line":34,"column":null}},"6":{"start":{"line":36,"column":25},"end":{"line":43,"column":null}},"7":{"start":{"line":37,"column":15},"end":{"line":37,"column":null}},"8":{"start":{"line":37,"column":40},"end":{"line":37,"column":64}},"9":{"start":{"line":38,"column":24},"end":{"line":40,"column":null}},"10":{"start":{"line":39,"column":6},"end":{"line":39,"column":null}},"11":{"start":{"line":39,"column":51},"end":{"line":39,"column":68}},"12":{"start":{"line":41,"column":21},"end":{"line":41,"column":null}},"13":{"start":{"line":41,"column":50},"end":{"line":41,"column":78}},"14":{"start":{"line":42,"column":4},"end":{"line":42,"column":null}},"15":{"start":{"line":45,"column":24},"end":{"line":52,"column":null}},"16":{"start":{"line":46,"column":4},"end":{"line":51,"column":null}},"17":{"start":{"line":49,"column":42},"end":{"line":49,"column":null}},"18":{"start":{"line":66,"column":12},"end":{"line":67,"column":null}},"19":{"start":{"line":68,"column":29},"end":{"line":68,"column":null}},"20":{"start":{"line":89,"column":12},"end":{"line":90,"column":null}},"21":{"start":{"line":91,"column":29},"end":{"line":91,"column":null}},"22":{"start":{"line":125,"column":12},"end":{"line":126,"column":null}},"23":{"start":{"line":127,"column":29},"end":{"line":127,"column":null}}},"fnMap":{"0":{"name":"PriceCalculator","decl":{"start":{"line":29,"column":24},"end":{"line":29,"column":null}},"loc":{"start":{"line":29,"column":24},"end":{"line":159,"column":null}}},"1":{"name":"(anonymous_2)","decl":{"start":{"line":36,"column":25},"end":{"line":36,"column":null}},"loc":{"start":{"line":36,"column":25},"end":{"line":43,"column":null}}},"2":{"name":"(anonymous_3)","decl":{"start":{"line":37,"column":33},"end":{"line":37,"column":34}},"loc":{"start":{"line":37,"column":40},"end":{"line":37,"column":64}}},"3":{"name":"(anonymous_4)","decl":{"start":{"line":38,"column":49},"end":{"line":38,"column":50}},"loc":{"start":{"line":38,"column":55},"end":{"line":40,"column":7}}},"4":{"name":"(anonymous_5)","decl":{"start":{"line":39,"column":42},"end":{"line":39,"column":43}},"loc":{"start":{"line":39,"column":51},"end":{"line":39,"column":68}}},"5":{"name":"(anonymous_6)","decl":{"start":{"line":41,"column":43},"end":{"line":41,"column":44}},"loc":{"start":{"line":41,"column":50},"end":{"line":41,"column":78}}},"6":{"name":"(anonymous_7)","decl":{"start":{"line":45,"column":24},"end":{"line":45,"column":25}},"loc":{"start":{"line":45,"column":25},"end":{"line":52,"column":null}}},"7":{"name":"(anonymous_8)","decl":{"start":{"line":49,"column":35},"end":{"line":49,"column":36}},"loc":{"start":{"line":49,"column":42},"end":{"line":49,"column":null}}},"8":{"name":"(anonymous_9)","decl":{"start":{"line":65,"column":28},"end":{"line":65,"column":29}},"loc":{"start":{"line":66,"column":12},"end":{"line":67,"column":null}}},"9":{"name":"(anonymous_10)","decl":{"start":{"line":68,"column":23},"end":{"line":68,"column":29}},"loc":{"start":{"line":68,"column":29},"end":{"line":68,"column":null}}},"10":{"name":"(anonymous_11)","decl":{"start":{"line":88,"column":32},"end":{"line":88,"column":33}},"loc":{"start":{"line":89,"column":12},"end":{"line":90,"column":null}}},"11":{"name":"(anonymous_12)","decl":{"start":{"line":91,"column":23},"end":{"line":91,"column":29}},"loc":{"start":{"line":91,"column":29},"end":{"line":91,"column":null}}},"12":{"name":"(anonymous_13)","decl":{"start":{"line":124,"column":32},"end":{"line":124,"column":33}},"loc":{"start":{"line":125,"column":12},"end":{"line":126,"column":null}}},"13":{"name":"(anonymous_14)","decl":{"start":{"line":127,"column":23},"end":{"line":127,"column":29}},"loc":{"start":{"line":127,"column":29},"end":{"line":127,"column":null}}}},"branchMap":{"0":{"loc":{"start":{"line":37,"column":15},"end":{"line":37,"column":null}},"type":"binary-expr","locations":[{"start":{"line":37,"column":15},"end":{"line":37,"column":76}},{"start":{"line":37,"column":76},"end":{"line":37,"column":null}}]},"1":{"loc":{"start":{"line":39,"column":20},"end":{"line":39,"column":null}},"type":"binary-expr","locations":[{"start":{"line":39,"column":20},"end":{"line":39,"column":77}},{"start":{"line":39,"column":77},"end":{"line":39,"column":null}}]},"2":{"loc":{"start":{"line":41,"column":21},"end":{"line":41,"column":null}},"type":"binary-expr","locations":[{"start":{"line":41,"column":21},"end":{"line":41,"column":95}},{"start":{"line":41,"column":95},"end":{"line":41,"column":null}}]},"3":{"loc":{"start":{"line":48,"column":16},"end":{"line":50,"column":null}},"type":"cond-expr","locations":[{"start":{"line":49,"column":10},"end":{"line":49,"column":null}},{"start":{"line":50,"column":10},"end":{"line":50,"column":null}}]},"4":{"loc":{"start":{"line":70,"column":16},"end":{"line":72,"column":null}},"type":"cond-expr","locations":[{"start":{"line":71,"column":20},"end":{"line":71,"column":null}},{"start":{"line":72,"column":20},"end":{"line":72,"column":null}}]},"5":{"loc":{"start":{"line":93,"column":16},"end":{"line":95,"column":null}},"type":"cond-expr","locations":[{"start":{"line":94,"column":20},"end":{"line":94,"column":null}},{"start":{"line":95,"column":20},"end":{"line":95,"column":null}}]},"6":{"loc":{"start":{"line":100,"column":18},"end":{"line":102,"column":null}},"type":"cond-expr","locations":[{"start":{"line":101,"column":22},"end":{"line":101,"column":null}},{"start":{"line":102,"column":22},"end":{"line":102,"column":null}}]},"7":{"loc":{"start":{"line":105,"column":17},"end":{"line":105,"column":null}},"type":"binary-expr","locations":[{"start":{"line":105,"column":17},"end":{"line":105,"column":null}}]},"8":{"loc":{"start":{"line":129,"column":16},"end":{"line":131,"column":null}},"type":"cond-expr","locations":[{"start":{"line":130,"column":20},"end":{"line":130,"column":null}},{"start":{"line":131,"column":20},"end":{"line":131,"column":null}}]},"9":{"loc":{"start":{"line":136,"column":17},"end":{"line":136,"column":null}},"type":"cond-expr","locations":[{"start":{"line":136,"column":43},"end":{"line":136,"column":68}},{"start":{"line":136,"column":71},"end":{"line":136,"column":null}}]}},"s":{"0":4,"1":1,"2":1,"3":1,"4":1,"5":4,"6":4,"7":4,"8":20,"9":4,"10":0,"11":0,"12":4,"13":12,"14":4,"15":4,"16":0,"17":0,"18":20,"19":0,"20":20,"21":0,"22":12,"23":0},"f":{"0":4,"1":4,"2":20,"3":0,"4":0,"5":12,"6":0,"7":0,"8":20,"9":0,"10":20,"11":0,"12":12,"13":0},"b":{"0":[4,4],"1":[0,0],"2":[4,4],"3":[0,0],"4":[0,20],"5":[0,20],"6":[0,20],"7":[20],"8":[0,12],"9":[8,4]}}
,"/workspaces/-/components/SEOEngine.tsx": {"path":"/workspaces/-/components/SEOEngine.tsx","statementMap":{"0":{"start":{"line":135,"column":16},"end":{"line":135,"column":33}},"1":{"start":{"line":94,"column":16},"end":{"line":94,"column":32}},"2":{"start":{"line":155,"column":16},"end":{"line":155,"column":26}},"3":{"start":{"line":45,"column":16},"end":{"line":45,"column":null}},"4":{"start":{"line":72,"column":16},"end":{"line":72,"column":42}},"5":{"start":{"line":14,"column":16},"end":{"line":14,"column":33}},"6":{"start":{"line":20,"column":14},"end":{"line":20,"column":45}},"7":{"start":{"line":22,"column":2},"end":{"line":42,"column":null}},"8":{"start":{"line":46,"column":17},"end":{"line":62,"column":null}},"9":{"start":{"line":73,"column":17},"end":{"line":84,"column":null}},"10":{"start":{"line":101,"column":17},"end":{"line":125,"column":null}},"11":{"start":{"line":136,"column":17},"end":{"line":145,"column":null}},"12":{"start":{"line":139,"column":49},"end":{"line":144,"column":null}},"13":{"start":{"line":156,"column":17},"end":{"line":167,"column":null}},"14":{"start":{"line":159,"column":35},"end":{"line":166,"column":null}}},"fnMap":{"0":{"name":"generateMetadata","decl":{"start":{"line":14,"column":16},"end":{"line":14,"column":33}},"loc":{"start":{"line":19,"column":17},"end":{"line":43,"column":null}}},"1":{"name":"OrganizationSchema","decl":{"start":{"line":45,"column":16},"end":{"line":45,"column":null}},"loc":{"start":{"line":45,"column":16},"end":{"line":70,"column":null}}},"2":{"name":"ProfessionalServiceSchema","decl":{"start":{"line":72,"column":16},"end":{"line":72,"column":42}},"loc":{"start":{"line":72,"column":102},"end":{"line":92,"column":null}}},"3":{"name":"CaseStudySchema","decl":{"start":{"line":94,"column":16},"end":{"line":94,"column":32}},"loc":{"start":{"line":100,"column":17},"end":{"line":133,"column":null}}},"4":{"name":"BreadcrumbSchema","decl":{"start":{"line":135,"column":16},"end":{"line":135,"column":33}},"loc":{"start":{"line":135,"column":86},"end":{"line":153,"column":null}}},"5":{"name":"(anonymous_12)","decl":{"start":{"line":139,"column":31},"end":{"line":139,"column":32}},"loc":{"start":{"line":139,"column":49},"end":{"line":144,"column":null}}},"6":{"name":"FAQSchema","decl":{"start":{"line":155,"column":16},"end":{"line":155,"column":26}},"loc":{"start":{"line":155,"column":84},"end":{"line":175,"column":null}}},"7":{"name":"(anonymous_14)","decl":{"start":{"line":159,"column":25},"end":{"line":159,"column":26}},"loc":{"start":{"line":159,"column":35},"end":{"line":166,"column":null}}}},"branchMap":{"0":{"loc":{"start":{"line":17,"column":2},"end":{"line":17,"column":11}},"type":"default-arg","locations":[{"start":{"line":17,"column":9},"end":{"line":17,"column":11}}]},"1":{"loc":{"start":{"line":18,"column":2},"end":{"line":18,"column":25}},"type":"default-arg","locations":[{"start":{"line":18,"column":10},"end":{"line":18,"column":25}}]}},"s":{"0":0,"1":0,"2":0,"3":0,"4":0,"5":4,"6":4,"7":4,"8":0,"9":0,"10":0,"11":0,"12":0,"13":0,"14":0},"f":{"0":4,"1":0,"2":0,"3":0,"4":0,"5":0,"6":0,"7":0},"b":{"0":[3],"1":[4]}}
,"/workspaces/-/components/SEOManager.tsx": {"path":"/workspaces/-/components/SEOManager.tsx","statementMap":{"0":{"start":{"line":39,"column":16},"end":{"line":39,"column":null}},"1":{"start":{"line":61,"column":16},"end":{"line":61,"column":30}},"2":{"start":{"line":11,"column":16},"end":{"line":11,"column":33}},"3":{"start":{"line":17,"column":14},"end":{"line":17,"column":45}},"4":{"start":{"line":19,"column":2},"end":{"line":36,"column":null}},"5":{"start":{"line":40,"column":17},"end":{"line":51,"column":null}},"6":{"start":{"line":62,"column":17},"end":{"line":71,"column":null}}},"fnMap":{"0":{"name":"generateMetadata","decl":{"start":{"line":11,"column":16},"end":{"line":11,"column":33}},"loc":{"start":{"line":16,"column":11},"end":{"line":37,"column":null}}},"1":{"name":"OrganizationSchema","decl":{"start":{"line":39,"column":16},"end":{"line":39,"column":null}},"loc":{"start":{"line":39,"column":16},"end":{"line":59,"column":null}}},"2":{"name":"ServiceSchema","decl":{"start":{"line":61,"column":16},"end":{"line":61,"column":30}},"loc":{"start":{"line":61,"column":90},"end":{"line":79,"column":null}}}},"branchMap":{"0":{"loc":{"start":{"line":14,"column":2},"end":{"line":14,"column":11}},"type":"default-arg","locations":[{"start":{"line":14,"column":9},"end":{"line":14,"column":11}}]},"1":{"loc":{"start":{"line":15,"column":2},"end":{"line":15,"column":25}},"type":"default-arg","locations":[{"start":{"line":15,"column":10},"end":{"line":15,"column":25}}]}},"s":{"0":0,"1":0,"2":0,"3":0,"4":0,"5":0,"6":0},"f":{"0":0,"1":0,"2":0},"b":{"0":[0],"1":[0]}}
,"/workspaces/-/components/ServiceAccordion.tsx": {"path":"/workspaces/-/components/ServiceAccordion.tsx","statementMap":{"0":{"start":{"line":16,"column":24},"end":{"line":16,"column":41}},"1":{"start":{"line":3,"column":25},"end":{"line":3,"column":null}},"2":{"start":{"line":4,"column":40},"end":{"line":4,"column":null}},"3":{"start":{"line":5,"column":28},"end":{"line":5,"column":null}},"4":{"start":{"line":17,"column":36},"end":{"line":17,"column":null}},"5":{"start":{"line":22,"column":8},"end":{"line":23,"column":null}},"6":{"start":{"line":27,"column":27},"end":{"line":27,"column":null}}},"fnMap":{"0":{"name":"ServiceAccordion","decl":{"start":{"line":16,"column":24},"end":{"line":16,"column":41}},"loc":{"start":{"line":16,"column":66},"end":{"line":57,"column":null}}},"1":{"name":"(anonymous_2)","decl":{"start":{"line":21,"column":17},"end":{"line":21,"column":18}},"loc":{"start":{"line":22,"column":8},"end":{"line":23,"column":null}}},"2":{"name":"(anonymous_3)","decl":{"start":{"line":27,"column":21},"end":{"line":27,"column":27}},"loc":{"start":{"line":27,"column":27},"end":{"line":27,"column":null}}}},"branchMap":{"0":{"loc":{"start":{"line":27,"column":40},"end":{"line":27,"column":null}},"type":"cond-expr","locations":[{"start":{"line":27,"column":62},"end":{"line":27,"column":69}},{"start":{"line":27,"column":69},"end":{"line":27,"column":null}}]},"1":{"loc":{"start":{"line":32,"column":33},"end":{"line":32,"column":63}},"type":"cond-expr","locations":[{"start":{"line":32,"column":55},"end":{"line":32,"column":61}},{"start":{"line":32,"column":61},"end":{"line":32,"column":63}}]},"2":{"loc":{"start":{"line":40,"column":13},"end":{"line":40,"column":null}},"type":"binary-expr","locations":[{"start":{"line":40,"column":13},"end":{"line":40,"column":null}}]}},"s":{"0":3,"1":1,"2":1,"3":1,"4":3,"5":6,"6":0},"f":{"0":3,"1":6,"2":0},"b":{"0":[0,0],"1":[3,3],"2":[6]}}
,"/workspaces/-/components/SmoothScroll.tsx": {"path":"/workspaces/-/components/SmoothScroll.tsx","statementMap":{"0":{"start":{"line":6,"column":24},"end":{"line":6,"column":37}},"1":{"start":{"line":3,"column":26},"end":{"line":3,"column":null}},"2":{"start":{"line":4,"column":18},"end":{"line":4,"column":null}},"3":{"start":{"line":7,"column":2},"end":{"line":22,"column":null}},"4":{"start":{"line":8,"column":18},"end":{"line":12,"column":null}},"5":{"start":{"line":10,"column":21},"end":{"line":10,"column":null}},"6":{"start":{"line":15,"column":6},"end":{"line":15,"column":null}},"7":{"start":{"line":16,"column":6},"end":{"line":16,"column":null}},"8":{"start":{"line":19,"column":4},"end":{"line":19,"column":null}},"9":{"start":{"line":21,"column":4},"end":{"line":21,"column":null}},"10":{"start":{"line":21,"column":17},"end":{"line":21,"column":null}}},"fnMap":{"0":{"name":"SmoothScroll","decl":{"start":{"line":6,"column":24},"end":{"line":6,"column":37}},"loc":{"start":{"line":6,"column":80},"end":{"line":25,"column":null}}},"1":{"name":"(anonymous_3)","decl":{"start":{"line":7,"column":12},"end":{"line":7,"column":null}},"loc":{"start":{"line":7,"column":12},"end":{"line":22,"column":5}}},"2":{"name":"(anonymous_4)","decl":{"start":{"line":10,"column":14},"end":{"line":10,"column":15}},"loc":{"start":{"line":10,"column":21},"end":{"line":10,"column":null}}},"3":{"name":"raf","decl":{"start":{"line":14,"column":13},"end":{"line":14,"column":17}},"loc":{"start":{"line":14,"column":29},"end":{"line":17,"column":null}}},"4":{"name":"(anonymous_6)","decl":{"start":{"line":21,"column":11},"end":{"line":21,"column":17}},"loc":{"start":{"line":21,"column":17},"end":{"line":21,"column":null}}}},"branchMap":{},"s":{"0":0,"1":0,"2":0,"3":0,"4":0,"5":0,"6":0,"7":0,"8":0,"9":0,"10":0},"f":{"0":0,"1":0,"2":0,"3":0,"4":0},"b":{}}
,"/workspaces/-/components/SocialProof.tsx": {"path":"/workspaces/-/components/SocialProof.tsx","statementMap":{"0":{"start":{"line":13,"column":24},"end":{"line":13,"column":null}},"1":{"start":{"line":3,"column":23},"end":{"line":3,"column":null}},"2":{"start":{"line":4,"column":46},"end":{"line":4,"column":null}},"3":{"start":{"line":6,"column":14},"end":{"line":11,"column":null}},"4":{"start":{"line":19,"column":12},"end":{"line":20,"column":null}}},"fnMap":{"0":{"name":"SocialProof","decl":{"start":{"line":13,"column":24},"end":{"line":13,"column":null}},"loc":{"start":{"line":13,"column":24},"end":{"line":36,"column":null}}},"1":{"name":"(anonymous_2)","decl":{"start":{"line":18,"column":21},"end":{"line":18,"column":22}},"loc":{"start":{"line":19,"column":12},"end":{"line":20,"column":null}}}},"branchMap":{},"s":{"0":0,"1":0,"2":0,"3":0,"4":0},"f":{"0":0,"1":0},"b":{}}
,"/workspaces/-/components/WhatsAppButton.tsx": {"path":"/workspaces/-/components/WhatsAppButton.tsx","statementMap":{"0":{"start":{"line":6,"column":24},"end":{"line":6,"column":null}},"1":{"start":{"line":3,"column":30},"end":{"line":3,"column":null}},"2":{"start":{"line":4,"column":23},"end":{"line":4,"column":null}}},"fnMap":{"0":{"name":"WhatsAppButton","decl":{"start":{"line":6,"column":24},"end":{"line":6,"column":null}},"loc":{"start":{"line":6,"column":24},"end":{"line":22,"column":null}}}},"branchMap":{},"s":{"0":0,"1":0,"2":0},"f":{"0":0},"b":{}}
,"/workspaces/-/lib/markdown.ts": {"path":"/workspaces/-/lib/markdown.ts","statementMap":{"0":{"start":{"line":49,"column":16},"end":{"line":49,"column":33}},"1":{"start":{"line":22,"column":16},"end":{"line":22,"column":33}},"2":{"start":{"line":1,"column":15},"end":{"line":1,"column":null}},"3":{"start":{"line":2,"column":17},"end":{"line":2,"column":null}},"4":{"start":{"line":3,"column":19},"end":{"line":3,"column":null}},"5":{"start":{"line":5,"column":25},"end":{"line":5,"column":null}},"6":{"start":{"line":23,"column":14},"end":{"line":23,"column":null}},"7":{"start":{"line":24,"column":16},"end":{"line":24,"column":null}},"8":{"start":{"line":26,"column":2},"end":{"line":46,"column":null}},"9":{"start":{"line":27,"column":22},"end":{"line":27,"column":null}},"10":{"start":{"line":29,"column":19},"end":{"line":29,"column":null}},"11":{"start":{"line":30,"column":23},"end":{"line":30,"column":null}},"12":{"start":{"line":31,"column":27},"end":{"line":31,"column":null}},"13":{"start":{"line":32,"column":32},"end":{"line":32,"column":null}},"14":{"start":{"line":34,"column":6},"end":{"line":44,"column":null}},"15":{"start":{"line":46,"column":21},"end":{"line":46,"column":null}},"16":{"start":{"line":50,"column":2},"end":{"line":68,"column":null}},"17":{"start":{"line":51,"column":21},"end":{"line":51,"column":null}},"18":{"start":{"line":52,"column":25},"end":{"line":52,"column":null}},"19":{"start":{"line":53,"column":30},"end":{"line":53,"column":null}},"20":{"start":{"line":55,"column":4},"end":{"line":65,"column":null}},"21":{"start":{"line":67,"column":4},"end":{"line":67,"column":null}}},"fnMap":{"0":{"name":"getContentByType","decl":{"start":{"line":22,"column":16},"end":{"line":22,"column":33}},"loc":{"start":{"line":22,"column":75},"end":{"line":47,"column":null}}},"1":{"name":"(anonymous_5)","decl":{"start":{"line":27,"column":12},"end":{"line":27,"column":13}},"loc":{"start":{"line":27,"column":22},"end":{"line":27,"column":null}}},"2":{"name":"(anonymous_6)","decl":{"start":{"line":28,"column":9},"end":{"line":28,"column":10}},"loc":{"start":{"line":28,"column":10},"end":{"line":45,"column":null}}},"3":{"name":"(anonymous_7)","decl":{"start":{"line":46,"column":10},"end":{"line":46,"column":11}},"loc":{"start":{"line":46,"column":21},"end":{"line":46,"column":null}}},"4":{"name":"getContentBySlug","decl":{"start":{"line":49,"column":16},"end":{"line":49,"column":33}},"loc":{"start":{"line":49,"column":89},"end":{"line":69,"column":null}}}},"branchMap":{"0":{"loc":{"start":{"line":46,"column":21},"end":{"line":46,"column":null}},"type":"cond-expr","locations":[{"start":{"line":46,"column":40},"end":{"line":46,"column":98}},{"start":{"line":46,"column":98},"end":{"line":46,"column":null}}]},"1":{"loc":{"start":{"line":46,"column":21},"end":{"line":46,"column":37}},"type":"binary-expr","locations":[{"start":{"line":46,"column":21},"end":{"line":46,"column":27}},{"start":{"line":46,"column":31},"end":{"line":46,"column":37}}]}},"s":{"0":3,"1":3,"2":1,"3":1,"4":1,"5":1,"6":3,"7":3,"8":3,"9":34,"10":34,"11":34,"12":34,"13":34,"14":34,"15":77,"16":3,"17":3,"18":3,"19":2,"20":2,"21":1},"f":{"0":3,"1":34,"2":34,"3":77,"4":3},"b":{"0":[72,5],"1":[77,72]}}
}
