TN:
SF:app/layout.tsx
FN:22,RootLayout
FNF:1
FNH:0
FNDA:0,RootLayout
DA:2,0
DA:3,0
DA:4,0
DA:5,0
DA:6,0
DA:7,0
DA:8,0
DA:9,0
DA:11,0
DA:16,0
DA:22,0
LF:11
LH:0
BRF:0
BRH:0
end_of_record
TN:
SF:app/page.tsx
FN:9,Home
FNF:1
FNH:0
FNDA:0,Home
DA:1,0
DA:2,0
DA:3,0
DA:4,0
DA:5,0
DA:6,0
DA:7,0
DA:9,0
DA:10,0
LF:9
LH:0
BRF:0
BRH:0
end_of_record
TN:
SF:app/robots.ts
FN:3,robots
FNF:1
FNH:0
FNDA:0,robots
DA:3,0
DA:4,0
LF:2
LH:0
BRF:0
BRH:0
end_of_record
TN:
SF:app/sitemap.ts
FN:3,sitemap
FNF:1
FNH:0
FNDA:0,sitemap
DA:3,0
DA:4,0
DA:6,0
LF:3
LH:0
BRF:0
BRH:0
end_of_record
TN:
SF:app/about/page.tsx
FN:29,AboutPage
FN:55,(anonymous_3)
FN:76,(anonymous_4)
FN:96,(anonymous_5)
FNF:4
FNH:0
FNDA:0,AboutPage
FNDA:0,(anonymous_3)
FNDA:0,(anonymous_4)
FNDA:0,(anonymous_5)
DA:3,0
DA:4,0
DA:5,0
DA:7,0
DA:15,0
DA:22,0
DA:29,0
DA:56,0
DA:77,0
DA:97,0
LF:10
LH:0
BRF:0
BRH:0
end_of_record
TN:
SF:app/contact/page.tsx
FN:19,ContactPage
FN:32,(anonymous_3)
FN:36,(anonymous_4)
FN:40,(anonymous_5)
FN:66,(anonymous_6)
FN:85,(anonymous_7)
FN:113,(anonymous_8)
FN:116,(anonymous_9)
FN:134,(anonymous_10)
FN:137,(anonymous_11)
FN:155,(anonymous_12)
FN:158,(anonymous_13)
FN:181,(anonymous_14)
FN:189,(anonymous_15)
FN:196,(anonymous_16)
FN:203,(anonymous_17)
FNF:16
FNH:0
FNDA:0,ContactPage
FNDA:0,(anonymous_3)
FNDA:0,(anonymous_4)
FNDA:0,(anonymous_5)
FNDA:0,(anonymous_6)
FNDA:0,(anonymous_7)
FNDA:0,(anonymous_8)
FNDA:0,(anonymous_9)
FNDA:0,(anonymous_10)
FNDA:0,(anonymous_11)
FNDA:0,(anonymous_12)
FNDA:0,(anonymous_13)
FNDA:0,(anonymous_14)
FNDA:0,(anonymous_15)
FNDA:0,(anonymous_16)
FNDA:0,(anonymous_17)
DA:3,0
DA:4,0
DA:5,0
DA:6,0
DA:8,0
DA:15,0
DA:16,0
DA:17,0
DA:19,0
DA:20,0
DA:21,0
DA:30,0
DA:32,0
DA:33,0
DA:36,0
DA:37,0
DA:40,0
DA:41,0
DA:42,0
DA:43,0
DA:46,0
DA:66,0
DA:86,0
DA:114,0
DA:117,0
DA:118,0
DA:135,0
DA:138,0
DA:139,0
DA:156,0
DA:159,0
DA:160,0
DA:181,0
DA:189,0
DA:196,0
DA:203,0
LF:36
LH:0
BRDA:33,0,0,0
BRDA:37,1,0,0
BRDA:46,2,0,0
BRDA:89,3,0,0
BRDA:89,3,1,0
BRDA:111,4,0,0
BRDA:121,5,0,0
BRDA:121,5,1,0
BRDA:132,6,0,0
BRDA:142,7,0,0
BRDA:142,7,1,0
BRDA:153,8,0,0
BRDA:163,9,0,0
BRDA:163,9,1,0
BRDA:174,10,0,0
BRDA:219,11,0,0
BRF:16
BRH:0
end_of_record
TN:
SF:app/faq/page.tsx
FN:43,(anonymous_2)
FN:48,FAQPage
FNF:2
FNH:0
FNDA:0,(anonymous_2)
FNDA:0,FAQPage
DA:3,0
DA:4,0
DA:5,0
DA:6,0
DA:8,0
DA:43,0
DA:48,0
LF:7
LH:0
BRF:0
BRH:0
end_of_record
TN:
SF:app/insights/page.tsx
FN:35,InsightsPage
FN:90,(anonymous_3)
FNF:2
FNH:0
FNDA:0,InsightsPage
FNDA:0,(anonymous_3)
DA:3,0
DA:4,0
DA:5,0
DA:6,0
DA:8,0
DA:35,0
DA:91,0
LF:7
LH:0
BRF:0
BRH:0
end_of_record
TN:
SF:app/insights/[slug]/page.tsx
FN:8,generateStaticParams
FN:10,(anonymous_6)
FN:13,generateMetadata
FN:26,InsightPage
FNF:4
FNH:0
FNDA:0,generateStaticParams
FNDA:0,(anonymous_6)
FNDA:0,generateMetadata
FNDA:0,InsightPage
DA:1,0
DA:2,0
DA:3,0
DA:4,0
DA:5,0
DA:6,0
DA:8,0
DA:9,0
DA:10,0
DA:13,0
DA:14,0
DA:15,0
DA:16,0
DA:18,0
DA:26,0
DA:27,0
DA:28,0
DA:30,0
LF:18
LH:0
BRDA:16,0,0,0
BRDA:30,1,0,0
BRDA:45,2,0,0
BRF:3
BRH:0
end_of_record
TN:
SF:app/privacy/page.tsx
FN:8,PrivacyPage
FNF:1
FNH:0
FNDA:0,PrivacyPage
DA:1,0
DA:3,0
DA:8,0
LF:3
LH:0
BRF:0
BRH:0
end_of_record
TN:
SF:app/projects/[slug]/page.tsx
FN:7,generateStaticParams
FN:9,(anonymous_6)
FN:12,generateMetadata
FN:25,ProjectPage
FN:60,(anonymous_9)
FN:85,(anonymous_10)
FNF:6
FNH:0
FNDA:0,generateStaticParams
FNDA:0,(anonymous_6)
FNDA:0,generateMetadata
FNDA:0,ProjectPage
FNDA:0,(anonymous_9)
FNDA:0,(anonymous_10)
DA:1,0
DA:2,0
DA:3,0
DA:4,0
DA:5,0
DA:7,0
DA:8,0
DA:9,0
DA:12,0
DA:13,0
DA:14,0
DA:15,0
DA:17,0
DA:25,0
DA:26,0
DA:27,0
DA:29,0
DA:61,0
DA:86,0
LF:19
LH:0
BRDA:15,0,0,0
BRDA:29,1,0,0
BRDA:52,2,0,0
BRDA:58,3,0,0
BRDA:81,4,0,0
BRF:5
BRH:0
end_of_record
TN:
SF:app/services/page.tsx
FN:54,ServicesPage
FN:77,(anonymous_3)
FNF:2
FNH:0
FNDA:0,ServicesPage
FNDA:0,(anonymous_3)
DA:3,0
DA:4,0
DA:5,0
DA:6,0
DA:8,0
DA:31,0
DA:54,0
DA:78,0
LF:8
LH:0
BRF:0
BRH:0
end_of_record
TN:
SF:app/services/[slug]/page.tsx
FN:7,generateStaticParams
FN:9,(anonymous_6)
FN:12,generateMetadata
FN:25,ServicePage
FNF:4
FNH:0
FNDA:0,generateStaticParams
FNDA:0,(anonymous_6)
FNDA:0,generateMetadata
FNDA:0,ServicePage
DA:1,0
DA:2,0
DA:3,0
DA:4,0
DA:5,0
DA:7,0
DA:8,0
DA:9,0
DA:12,0
DA:13,0
DA:14,0
DA:15,0
DA:17,0
DA:25,0
DA:26,0
DA:27,0
DA:29,0
LF:17
LH:0
BRDA:15,0,0,0
BRDA:29,1,0,0
BRF:2
BRH:0
end_of_record
TN:
SF:app/terms/page.tsx
FN:8,TermsPage
FNF:1
FNH:0
FNDA:0,TermsPage
DA:1,0
DA:3,0
DA:8,0
LF:3
LH:0
BRF:0
BRH:0
end_of_record
TN:
SF:components/Analytics.tsx
FN:5,Analytics
FNF:1
FNH:0
FNDA:0,Analytics
DA:3,0
DA:5,0
LF:2
LH:0
BRF:0
BRH:0
end_of_record
TN:
SF:components/CustomCursor.tsx
FN:6,CustomCursor
FN:10,(anonymous_2)
FN:11,(anonymous_3)
FN:23,(anonymous_4)
FNF:4
FNH:0
FNDA:0,CustomCursor
FNDA:0,(anonymous_2)
FNDA:0,(anonymous_3)
FNDA:0,(anonymous_4)
DA:3,0
DA:4,0
DA:6,0
DA:7,0
DA:8,0
DA:10,0
DA:11,0
DA:12,0
DA:14,0
DA:15,0
DA:22,0
DA:23,0
LF:12
LH:0
BRDA:16,0,0,0
BRDA:16,0,1,0
BRDA:16,0,2,0
BRDA:33,1,0,0
BRDA:33,1,1,0
BRDA:42,2,0,0
BRDA:42,2,1,0
BRF:7
BRH:0
end_of_record
TN:
SF:components/Hero.tsx
FN:7,Hero
FN:15,(anonymous_2)
FN:30,(anonymous_3)
FNF:3
FNH:1
FNDA:3,Hero
FNDA:0,(anonymous_2)
FNDA:0,(anonymous_3)
DA:3,1
DA:4,1
DA:5,1
DA:7,3
DA:8,3
DA:9,3
DA:10,3
DA:12,3
DA:13,3
DA:15,3
DA:16,0
DA:17,0
DA:18,0
DA:19,0
DA:20,0
DA:24,0
DA:25,0
DA:26,0
DA:30,3
DA:31,0
DA:32,0
LF:21
LH:11
BRDA:16,0,0,0
BRDA:24,1,0,0
BRF:2
BRH:0
end_of_record
TN:
SF:components/InteractiveFooter.tsx
FN:6,InteractiveFooter
FN:11,(anonymous_2)
FN:13,(anonymous_3)
FN:23,(anonymous_4)
FNF:4
FNH:4
FNDA:10,InteractiveFooter
FNDA:5,(anonymous_2)
FNDA:5,(anonymous_3)
FNDA:5,(anonymous_4)
DA:3,1
DA:4,1
DA:6,5
DA:7,10
DA:8,10
DA:9,10
DA:11,10
DA:12,5
DA:13,5
DA:14,5
DA:21,5
DA:22,5
DA:23,5
DA:26,10
LF:14
LH:14
BRDA:26,0,0,5
BRF:1
BRH:1
end_of_record
TN:
SF:components/Navigation.tsx
FN:17,Navigation
FN:21,(anonymous_3)
FN:22,(anonymous_4)
FN:24,(anonymous_5)
FN:49,(anonymous_6)
FN:75,(anonymous_7)
FN:94,(anonymous_8)
FN:103,(anonymous_9)
FNF:8
FNH:4
FNDA:3,Navigation
FNDA:3,(anonymous_3)
FNDA:0,(anonymous_4)
FNDA:3,(anonymous_5)
FNDA:18,(anonymous_6)
FNDA:0,(anonymous_7)
FNDA:0,(anonymous_8)
FNDA:0,(anonymous_9)
DA:3,1
DA:4,1
DA:5,1
DA:6,1
DA:8,1
DA:17,3
DA:18,3
DA:19,3
DA:21,3
DA:22,3
DA:23,3
DA:24,3
DA:50,18
DA:75,0
DA:95,0
DA:103,0
LF:16
LH:13
BRDA:33,0,0,0
BRDA:33,0,1,3
BRDA:78,1,0,0
BRDA:85,2,0,3
BRF:4
BRH:2
end_of_record
TN:
SF:components/PortfolioGrid.tsx
FN:7,PortfolioGrid
FN:14,(anonymous_3)
FN:35,(anonymous_4)
FNF:3
FNH:3
FNDA:5,PortfolioGrid
FNDA:4,(anonymous_3)
FNDA:8,(anonymous_4)
DA:3,1
DA:4,1
DA:7,5
DA:15,4
DA:36,8
LF:5
LH:5
BRDA:33,0,0,4
BRF:1
BRH:1
end_of_record
TN:
SF:components/PriceCalculator.tsx
FN:29,PriceCalculator
FN:36,(anonymous_2)
FN:37,(anonymous_3)
FN:38,(anonymous_4)
FN:39,(anonymous_5)
FN:41,(anonymous_6)
FN:45,(anonymous_7)
FN:49,(anonymous_8)
FN:65,(anonymous_9)
FN:68,(anonymous_10)
FN:88,(anonymous_11)
FN:91,(anonymous_12)
FN:124,(anonymous_13)
FN:127,(anonymous_14)
FNF:14
FNH:7
FNDA:4,PriceCalculator
FNDA:4,(anonymous_2)
FNDA:20,(anonymous_3)
FNDA:0,(anonymous_4)
FNDA:0,(anonymous_5)
FNDA:12,(anonymous_6)
FNDA:0,(anonymous_7)
FNDA:0,(anonymous_8)
FNDA:20,(anonymous_9)
FNDA:0,(anonymous_10)
FNDA:20,(anonymous_11)
FNDA:0,(anonymous_12)
FNDA:12,(anonymous_13)
FNDA:0,(anonymous_14)
DA:3,1
DA:4,1
DA:5,1
DA:7,1
DA:29,4
DA:30,4
DA:36,4
DA:37,20
DA:38,4
DA:39,0
DA:41,12
DA:42,4
DA:45,4
DA:46,0
DA:49,0
DA:66,20
DA:68,0
DA:89,20
DA:91,0
DA:125,12
DA:127,0
LF:21
LH:15
BRDA:37,0,0,4
BRDA:37,0,1,4
BRDA:39,1,0,0
BRDA:39,1,1,0
BRDA:41,2,0,4
BRDA:41,2,1,4
BRDA:48,3,0,0
BRDA:48,3,1,0
BRDA:70,4,0,0
BRDA:70,4,1,20
BRDA:93,5,0,0
BRDA:93,5,1,20
BRDA:100,6,0,0
BRDA:100,6,1,20
BRDA:105,7,0,20
BRDA:129,8,0,0
BRDA:129,8,1,12
BRDA:136,9,0,8
BRDA:136,9,1,4
BRF:19
BRH:11
end_of_record
TN:
SF:components/SEOEngine.tsx
FN:14,generateMetadata
FN:45,OrganizationSchema
FN:72,ProfessionalServiceSchema
FN:94,CaseStudySchema
FN:135,BreadcrumbSchema
FN:139,(anonymous_12)
FN:155,FAQSchema
FN:159,(anonymous_14)
FNF:8
FNH:1
FNDA:4,generateMetadata
FNDA:0,OrganizationSchema
FNDA:0,ProfessionalServiceSchema
FNDA:0,CaseStudySchema
FNDA:0,BreadcrumbSchema
FNDA:0,(anonymous_12)
FNDA:0,FAQSchema
FNDA:0,(anonymous_14)
DA:14,4
DA:20,4
DA:22,4
DA:45,0
DA:46,0
DA:72,0
DA:73,0
DA:94,0
DA:101,0
DA:135,0
DA:136,0
DA:139,0
DA:155,0
DA:156,0
DA:159,0
LF:15
LH:3
BRDA:17,0,0,3
BRDA:18,1,0,4
BRF:2
BRH:2
end_of_record
TN:
SF:components/SEOManager.tsx
FN:11,generateMetadata
FN:39,OrganizationSchema
FN:61,ServiceSchema
FNF:3
FNH:0
FNDA:0,generateMetadata
FNDA:0,OrganizationSchema
FNDA:0,ServiceSchema
DA:11,0
DA:17,0
DA:19,0
DA:39,0
DA:40,0
DA:61,0
DA:62,0
LF:7
LH:0
BRDA:14,0,0,0
BRDA:15,1,0,0
BRF:2
BRH:0
end_of_record
TN:
SF:components/ServiceAccordion.tsx
FN:16,ServiceAccordion
FN:21,(anonymous_2)
FN:27,(anonymous_3)
FNF:3
FNH:2
FNDA:3,ServiceAccordion
FNDA:6,(anonymous_2)
FNDA:0,(anonymous_3)
DA:3,1
DA:4,1
DA:5,1
DA:16,3
DA:17,3
DA:22,6
DA:27,0
LF:7
LH:6
BRDA:27,0,0,0
BRDA:27,0,1,0
BRDA:32,1,0,3
BRDA:32,1,1,3
BRDA:40,2,0,6
BRF:5
BRH:3
end_of_record
TN:
SF:components/SmoothScroll.tsx
FN:6,SmoothScroll
FN:7,(anonymous_3)
FN:10,(anonymous_4)
FN:14,raf
FN:21,(anonymous_6)
FNF:5
FNH:0
FNDA:0,SmoothScroll
FNDA:0,(anonymous_3)
FNDA:0,(anonymous_4)
FNDA:0,raf
FNDA:0,(anonymous_6)
DA:3,0
DA:4,0
DA:6,0
DA:7,0
DA:8,0
DA:10,0
DA:15,0
DA:16,0
DA:19,0
DA:21,0
LF:10
LH:0
BRF:0
BRH:0
end_of_record
TN:
SF:components/SocialProof.tsx
FN:13,SocialProof
FN:18,(anonymous_2)
FNF:2
FNH:0
FNDA:0,SocialProof
FNDA:0,(anonymous_2)
DA:3,0
DA:4,0
DA:6,0
DA:13,0
DA:19,0
LF:5
LH:0
BRF:0
BRH:0
end_of_record
TN:
SF:components/WhatsAppButton.tsx
FN:6,WhatsAppButton
FNF:1
FNH:0
FNDA:0,WhatsAppButton
DA:3,0
DA:4,0
DA:6,0
LF:3
LH:0
BRF:0
BRH:0
end_of_record
TN:
SF:lib/markdown.ts
FN:22,getContentByType
FN:27,(anonymous_5)
FN:28,(anonymous_6)
FN:46,(anonymous_7)
FN:49,getContentBySlug
FNF:5
FNH:5
FNDA:3,getContentByType
FNDA:34,(anonymous_5)
FNDA:34,(anonymous_6)
FNDA:77,(anonymous_7)
FNDA:3,getContentBySlug
DA:1,1
DA:2,1
DA:3,1
DA:5,1
DA:22,3
DA:23,3
DA:24,3
DA:26,3
DA:27,34
DA:29,34
DA:30,34
DA:31,34
DA:32,34
DA:34,34
DA:46,77
DA:49,3
DA:50,3
DA:51,3
DA:52,3
DA:53,2
DA:55,2
DA:67,1
LF:22
LH:22
BRDA:46,0,0,72
BRDA:46,0,1,5
BRDA:46,1,0,77
BRDA:46,1,1,72
BRF:4
BRH:4
end_of_record
